0 info it worked if it ends with ok
1 verbose cli [ 'node', '/usr/local/bin/npm', 'install', '-g', 'cordova' ]
2 info using npm@2.10.1
3 info using node@v0.12.4
4 verbose install initial load of /usr/local/lib/package.json
5 verbose readDependencies loading dependencies from /usr/local/lib/package.json
6 silly cache add args [ 'cordova', null ]
7 verbose cache add spec cordova
8 silly cache add parsed spec { raw: 'cordova',
8 silly cache add   scope: null,
8 silly cache add   name: 'cordova',
8 silly cache add   rawSpec: '',
8 silly cache add   spec: '*',
8 silly cache add   type: 'range' }
9 silly addNamed cordova@*
10 verbose addNamed "*" is a valid semver range for cordova
11 silly addNameRange { name: 'cordova', range: '*', hasData: false }
12 silly mapToRegistry name cordova
13 silly mapToRegistry using default registry
14 silly mapToRegistry registry https://registry.npmjs.org/
15 silly mapToRegistry uri https://registry.npmjs.org/cordova
16 verbose addNameRange registry:https://registry.npmjs.org/cordova not in flight; fetching
17 verbose request uri https://registry.npmjs.org/cordova
18 verbose request no auth needed
19 info attempt registry request try #1 at 9:22:30 AM
20 verbose request id ef144b7717f311d9
21 verbose etag "M2BY02Z4L9TYNADBJ8E22B0N"
22 http request GET https://registry.npmjs.org/cordova
23 http 200 https://registry.npmjs.org/cordova
24 silly get cb [ 200,
24 silly get   { server: 'nginx/1.10.1',
24 silly get     'content-type': 'application/json',
24 silly get     'last-modified': 'Mon, 15 May 2017 02:50:28 GMT',
24 silly get     etag: 'W/"59191774-14fa06"',
24 silly get     'content-encoding': 'gzip',
24 silly get     'cache-control': 'max-age=300',
24 silly get     'content-length': '48230',
24 silly get     'accept-ranges': 'bytes',
24 silly get     date: 'Mon, 15 May 2017 07:22:30 GMT',
24 silly get     via: '1.1 varnish',
24 silly get     age: '200',
24 silly get     connection: 'keep-alive',
24 silly get     'x-served-by': 'cache-ams4133-AMS',
24 silly get     'x-cache': 'HIT',
24 silly get     'x-cache-hits': '1',
24 silly get     'x-timer': 'S1494832951.640725,VS0,VE0',
24 silly get     vary: 'Accept-Encoding' } ]
25 verbose get saving cordova to /Users/ralphbraspenning/.npm/registry.npmjs.org/cordova/.cache.json
26 silly addNameRange number 2 { name: 'cordova', range: '*', hasData: true }
27 silly addNameRange versions [ 'cordova',
27 silly addNameRange   [ '0.0.1',
27 silly addNameRange     '0.0.2',
27 silly addNameRange     '0.0.3',
27 silly addNameRange     '0.0.4',
27 silly addNameRange     '0.0.5',
27 silly addNameRange     '0.0.6',
27 silly addNameRange     '0.0.7',
27 silly addNameRange     '0.0.8',
27 silly addNameRange     '0.0.9',
27 silly addNameRange     '0.1.0',
27 silly addNameRange     '0.1.1',
27 silly addNameRange     '0.1.2',
27 silly addNameRange     '0.1.3',
27 silly addNameRange     '0.1.4',
27 silly addNameRange     '0.1.5',
27 silly addNameRange     '0.1.6',
27 silly addNameRange     '0.1.7',
27 silly addNameRange     '0.1.8',
27 silly addNameRange     '0.1.9',
27 silly addNameRange     '0.1.10',
27 silly addNameRange     '0.1.11',
27 silly addNameRange     '0.1.12',
27 silly addNameRange     '0.1.13',
27 silly addNameRange     '0.1.14',
27 silly addNameRange     '2.2.0',
27 silly addNameRange     '2.3.0',
27 silly addNameRange     '2.3.1',
27 silly addNameRange     '2.3.2',
27 silly addNameRange     '2.3.3',
27 silly addNameRange     '2.3.5',
27 silly addNameRange     '2.3.6',
27 silly addNameRange     '2.4.0',
27 silly addNameRange     '2.4.1',
27 silly addNameRange     '2.4.2',
27 silly addNameRange     '2.4.3',
27 silly addNameRange     '2.4.4',
27 silly addNameRange     '2.4.5',
27 silly addNameRange     '2.4.6',
27 silly addNameRange     '2.4.7',
27 silly addNameRange     '2.4.8',
27 silly addNameRange     '2.4.9',
27 silly addNameRange     '2.4.10',
27 silly addNameRange     '2.5.0',
27 silly addNameRange     '2.5.2',
27 silly addNameRange     '2.5.3',
27 silly addNameRange     '2.5.4',
27 silly addNameRange     '2.5.5',
27 silly addNameRange     '2.6.0',
27 silly addNameRange     '2.6.1',
27 silly addNameRange     '2.6.2',
27 silly addNameRange     '2.7.0-rc.1',
27 silly addNameRange     '2.7.1-rc.1',
27 silly addNameRange     '2.7.2',
27 silly addNameRange     '2.7.3',
27 silly addNameRange     '2.7.4',
27 silly addNameRange     '2.8.0',
27 silly addNameRange     '2.8.1',
27 silly addNameRange     '2.8.2',
27 silly addNameRange     '2.8.3',
27 silly addNameRange     '2.8.4',
27 silly addNameRange     '2.8.5',
27 silly addNameRange     '2.8.6',
27 silly addNameRange     '2.8.7',
27 silly addNameRange     '2.8.8',
27 silly addNameRange     '2.8.9',
27 silly addNameRange     '2.8.10',
27 silly addNameRange     '2.8.11',
27 silly addNameRange     '2.8.12',
27 silly addNameRange     '2.8.13',
27 silly addNameRange     '2.8.14',
27 silly addNameRange     '2.8.15',
27 silly addNameRange     '2.8.16',
27 silly addNameRange     '2.8.17',
27 silly addNameRange     '2.8.18',
27 silly addNameRange     '2.8.19',
27 silly addNameRange     '2.8.20',
27 silly addNameRange     '2.8.21',
27 silly addNameRange     '2.8.22',
27 silly addNameRange     '2.8.23',
27 silly addNameRange     '2.8.24',
27 silly addNameRange     '2.8.25',
27 silly addNameRange     '2.9.0',
27 silly addNameRange     '2.9.1',
27 silly addNameRange     '2.9.2',
27 silly addNameRange     '2.9.3',
27 silly addNameRange     '2.9.4',
27 silly addNameRange     '2.9.5',
27 silly addNameRange     '2.9.6',
27 silly addNameRange     '2.9.7',
27 silly addNameRange     '3.0.0-rc1',
27 silly addNameRange     '3.0.0-rc1-1',
27 silly addNameRange     '3.0.0-rc1-3',
27 silly addNameRange     '3.0.0',
27 silly addNameRange     '3.0.1',
27 silly addNameRange     '3.0.2',
27 silly addNameRange     '3.0.3',
27 silly addNameRange     '3.0.4',
27 silly addNameRange     '3.0.5',
27 silly addNameRange     '3.0.6',
27 silly addNameRange     '3.0.7',
27 silly addNameRange     '3.0.8',
27 silly addNameRange     '3.0.9',
27 silly addNameRange     '3.0.10',
27 silly addNameRange     '3.1.0-0.1.0',
27 silly addNameRange     '3.1.0-0.2.0',
27 silly addNameRange     '3.2.0-rc.1',
27 silly addNameRange     '3.2.0-0.1.0',
27 silly addNameRange     '3.2.0-0.2.0',
27 silly addNameRange     '3.2.0-0.3.0',
27 silly addNameRange     '3.2.0-0.4.0',
27 silly addNameRange     '3.3.0-rc.1',
27 silly addNameRange     '3.3.0-0.1.1',
27 silly addNameRange     '3.3.1-0.1.2',
27 silly addNameRange     '2.9.0-rc1',
27 silly addNameRange     '3.3.1-0.3.0',
27 silly addNameRange     '3.3.1-0.3.1',
27 silly addNameRange     '3.3.1-0.4.1',
27 silly addNameRange     '3.3.1-0.4.2',
27 silly addNameRange     '3.4.0-0.1.0',
27 silly addNameRange     '3.4.0-0.1.1',
27 silly addNameRange     '3.4.0-0.1.2',
27 silly addNameRange     '3.4.0-0.1.3',
27 silly addNameRange     '0.0.0-fake',
27 silly addNameRange     '3.4.1-0.1.0',
27 silly addNameRange     '3.5.0-0.2.0',
27 silly addNameRange     '3.5.0-0.2.1',
27 silly addNameRange     '3.5.0-0.2.2',
27 silly addNameRange     '3.5.0-0.2.3',
27 silly addNameRange     '3.5.0-0.2.4',
27 silly addNameRange     '3.5.0-0.2.6',
27 silly addNameRange     '3.5.0-0.2.7',
27 silly addNameRange     '3.6.0-0.2.8',
27 silly addNameRange     '3.6.0-0.2.9',
27 silly addNameRange     '3.6.1-0.2.10',
27 silly addNameRange     '3.6.3-0.2.11',
27 silly addNameRange     '3.6.3-0.2.12',
27 silly addNameRange     '3.6.3-0.2.13',
27 silly addNameRange     '4.0.0',
27 silly addNameRange     '4.0.1',
27 silly addNameRange     '4.1.0',
27 silly addNameRange     '4.1.1',
27 silly addNameRange     '4.1.2',
27 silly addNameRange     '4.1.3-nightly.2014.10.21',
27 silly addNameRange     '4.2.0',
27 silly addNameRange     '4.3.0',
27 silly addNameRange     '5.0.0',
27 silly addNameRange     '4.3.1',
27 silly addNameRange     '5.1.1',
27 silly addNameRange     '5.2.0',
27 silly addNameRange     '5.3.1',
27 silly addNameRange     '5.3.3',
27 silly addNameRange     '5.4.0',
27 silly addNameRange     '5.4.1',
27 silly addNameRange     '6.0.0',
27 silly addNameRange     '6.1.0',
27 silly addNameRange     '6.1.1',
27 silly addNameRange     '6.2.0-nightly.2016.5.11',
27 silly addNameRange     '6.2.0-nightly.2016.5.12',
27 silly addNameRange     '6.2.0-nightly.2016.5.13',
27 silly addNameRange     '6.2.1-nightly.2016.5.20.254844d7',
27 silly addNameRange     '6.2.1-nightly.2016.5.21.254844d7',
27 silly addNameRange     '6.2.1-nightly.2016.5.22.254844d7',
27 silly addNameRange     '6.2.1-nightly.2016.5.23.6e87c71a',
27 silly addNameRange     '6.2.1-nightly.2016.5.24.189f41a4',
27 silly addNameRange     '6.2.0',
27 silly addNameRange     '6.2.1-nightly.2016.5.25.189f41a4',
27 silly addNameRange     '6.2.1-nightly.2016.5.26.189f41a4',
27 silly addNameRange     '6.2.1-nightly.2016.5.27.189f41a4',
27 silly addNameRange     '6.2.1-nightly.2016.5.28.189f41a4',
27 silly addNameRange     '6.2.1-nightly.2016.5.30.189f41a4',
27 silly addNameRange     '6.2.1-nightly.2016.5.31.189f41a4',
27 silly addNameRange     '6.2.1-nightly.2016.6.1.189f41a4',
27 silly addNameRange     '6.2.1-nightly.2016.6.2.189f41a4',
27 silly addNameRange     '6.2.1-nightly.2016.6.3.189f41a4',
27 silly addNameRange     '6.2.1-nightly.2016.6.4.189f41a4',
27 silly addNameRange     '6.2.1-nightly.2016.6.5.189f41a4',
27 silly addNameRange     '6.2.1-nightly.2016.6.6.189f41a4',
27 silly addNameRange     '6.2.1-nightly.2016.6.7.486bdab5',
27 silly addNameRange     '6.2.1-nightly.2016.6.8.486bdab5',
27 silly addNameRange     '6.2.1-dev',
27 silly addNameRange     '6.2.1-nightly.2016.6.10.486bdab5',
27 silly addNameRange     '6.2.1-nightly.2016.6.12.486bdab5',
27 silly addNameRange     '6.2.1-nightly.2016.6.13.486bdab5',
27 silly addNameRange     '6.2.1-nightly.2016.6.14.486bdab5',
27 silly addNameRange     '6.2.1-nightly.2016.6.16.486bdab5',
27 silly addNameRange     '6.2.1-nightly.2016.6.17.486bdab5',
27 silly addNameRange     '6.2.1-nightly.2016.6.18.486bdab5',
27 silly addNameRange     '6.2.1-nightly.2016.6.20.486bdab5',
27 silly addNameRange     '6.2.1-nightly.2016.6.21.486bdab5',
27 silly addNameRange     '6.2.1-nightly.2016.6.22.486bdab5',
27 silly addNameRange     '6.2.1-nightly.2016.6.23.486bdab5',
27 silly addNameRange     '6.2.1-nightly.2016.6.24.486bdab5',
27 silly addNameRange     '6.2.1-nightly.2016.6.26.486bdab5',
27 silly addNameRange     '6.2.1-nightly.2016.6.27.486bdab5',
27 silly addNameRange     '6.2.1-nightly.2016.6.28.486bdab5',
27 silly addNameRange     '6.2.1-nightly.2016.6.29.64e11522',
27 silly addNameRange     '6.2.1-nightly.2016.6.30.64e11522',
27 silly addNameRange     '6.2.1-nightly.2016.7.1.64e11522',
27 silly addNameRange     '6.2.1-nightly.2016.7.2.64e11522',
27 silly addNameRange     '6.2.1-nightly.2016.7.3.64e11522',
27 silly addNameRange     '6.2.1-nightly.2016.7.4.64e11522',
27 silly addNameRange     '6.2.1-nightly.2016.7.5.64e11522',
27 silly addNameRange     '6.2.1-nightly.2016.7.6.64e11522',
27 silly addNameRange     '6.2.1-nightly.2016.7.7.64e11522',
27 silly addNameRange     '6.2.1-nightly.2016.7.8.64e11522',
27 silly addNameRange     '6.2.1-nightly.2016.7.10.64e11522',
27 silly addNameRange     '6.2.1-nightly.2016.7.12.64e11522',
27 silly addNameRange     '6.3.1-nightly.2016.7.14.83f93b96',
27 silly addNameRange     '6.3.1-nightly.2016.7.15.83f93b96',
27 silly addNameRange     '6.3.1-nightly.2016.7.16.83f93b96',
27 silly addNameRange     '6.3.1-nightly.2016.7.17.83f93b96',
27 silly addNameRange     '6.3.1-nightly.2016.7.18.83f93b96',
27 silly addNameRange     '6.3.1-nightly.2016.7.20.83f93b96',
27 silly addNameRange     '6.3.0',
27 silly addNameRange     '6.3.1-nightly.2016.7.23.83f93b96',
27 silly addNameRange     '6.3.1-nightly.2016.7.24.83f93b96',
27 silly addNameRange     '6.3.1-nightly.2016.7.25.83f93b96',
27 silly addNameRange     '6.3.1-nightly.2016.7.26.83f93b96',
27 silly addNameRange     '6.3.1-nightly.2016.7.27.83f93b96',
27 silly addNameRange     '6.3.1-nightly.2016.7.28.83f93b96',
27 silly addNameRange     '6.3.1-nightly.2016.7.29.83f93b96',
27 silly addNameRange     '6.3.1-nightly.2016.8.2.5e6e3bf1',
27 silly addNameRange     '6.3.1-nightly.2016.8.4.5e6e3bf1',
27 silly addNameRange     '6.3.1-nightly.2016.8.5.5e6e3bf1',
27 silly addNameRange     '6.3.1-nightly.2016.8.6.5e6e3bf1',
27 silly addNameRange     '6.3.1-nightly.2016.8.7.5e6e3bf1',
27 silly addNameRange     '6.3.1-nightly.2016.8.8.5e6e3bf1',
27 silly addNameRange     '6.3.1-nightly.2016.8.9.5e6e3bf1',
27 silly addNameRange     '6.4.0-nightly.2016.8.10.258eb28f',
27 silly addNameRange     '6.4.0-nightly.2016.8.11.258eb28f',
27 silly addNameRange     '6.4.0-nightly.2016.8.12.258eb28f',
27 silly addNameRange     '6.4.0-nightly.2016.8.13.258eb28f',
27 silly addNameRange     '6.4.0-nightly.2016.8.15.258eb28f',
27 silly addNameRange     '6.3.1',
27 silly addNameRange     '6.4.0-nightly.2016.8.16.258eb28f',
27 silly addNameRange     '6.4.0-nightly.2016.8.17.258eb28f',
27 silly addNameRange     '6.4.0-nightly.2016.8.18.258eb28f',
27 silly addNameRange     '6.4.0-nightly.2016.8.20.258eb28f',
27 silly addNameRange     '6.4.0-nightly.2016.8.21.258eb28f',
27 silly addNameRange     '6.4.0-nightly.2016.8.22.258eb28f',
27 silly addNameRange     '6.4.0-nightly.2016.8.23.4935f1a5',
27 silly addNameRange     '6.4.0-nightly.2016.8.24.4935f1a5',
27 silly addNameRange     '6.4.0-nightly.2016.8.25.4935f1a5',
27 silly addNameRange     '6.4.0-nightly.2016.8.26.4935f1a5',
27 silly addNameRange     '6.4.0-nightly.2016.8.27.4935f1a5',
27 silly addNameRange     '6.4.0-nightly.2016.8.28.4935f1a5',
27 silly addNameRange     '6.4.0-nightly.2016.8.29.4935f1a5',
27 silly addNameRange     '6.4.0-nightly.2016.8.30.4935f1a5',
27 silly addNameRange     '6.4.0-nightly.2016.8.31.4935f1a5',
27 silly addNameRange     '6.4.0-nightly.2016.9.1.4935f1a5',
27 silly addNameRange     '6.4.0-nightly.2016.9.2.4935f1a5',
27 silly addNameRange     '6.4.0-nightly.2016.9.3.ddd828f4',
27 silly addNameRange     '6.4.0-nightly.2016.9.4.ddd828f4',
27 silly addNameRange     '6.4.0-nightly.2016.9.5.ddd828f4',
27 silly addNameRange     '6.4.0-nightly.2016.9.7.ddd828f4',
27 silly addNameRange     '6.4.0-nightly.2016.9.10.ddd828f4',
27 silly addNameRange     '6.4.0-nightly.2016.9.11.ddd828f4',
27 silly addNameRange     '6.4.0-nightly.2016.9.12.ddd828f4',
27 silly addNameRange     '6.4.0-nightly.2016.9.13.ddd828f4',
27 silly addNameRange     '6.4.0-nightly.2016.9.14.ddd828f4',
27 silly addNameRange     '6.4.0-nightly.2016.9.15.ddd828f4',
27 silly addNameRange     '6.4.0-nightly.2016.9.16.ddd828f4',
27 silly addNameRange     '6.4.0-nightly.2016.9.17.ddd828f4',
27 silly addNameRange     '6.4.0-nightly.2016.9.18.ddd828f4',
27 silly addNameRange     '6.4.0-nightly.2016.9.19.ddd828f4',
27 silly addNameRange     '6.4.0-nightly.2016.9.20.ddd828f4',
27 silly addNameRange     '6.4.0-nightly.2016.9.21.ddd828f4',
27 silly addNameRange     '6.4.0-nightly.2016.9.22.ddd828f4',
27 silly addNameRange     '6.4.0-nightly.2016.9.23.ddd828f4',
27 silly addNameRange     '6.4.0-nightly.2016.9.24.ddd828f4',
27 silly addNameRange     '6.4.0-nightly.2016.9.25.ddd828f4',
27 silly addNameRange     '6.4.0-nightly.2016.9.26.ddd828f4',
27 silly addNameRange     '6.4.0-nightly.2016.9.27.ddd828f4',
27 silly addNameRange     '6.4.0-nightly.2016.9.28.ddd828f4',
27 silly addNameRange     '6.4.0-nightly.2016.10.7.4759c467',
27 silly addNameRange     '6.4.0-nightly.2016.10.8.4759c467',
27 silly addNameRange     '6.4.0-nightly.2016.10.9.4759c467',
27 silly addNameRange     '6.4.0-nightly.2016.10.10.4759c467',
27 silly addNameRange     '6.4.0-nightly.2016.10.11.4759c467',
27 silly addNameRange     '6.4.0-nightly.2016.10.12.4759c467',
27 silly addNameRange     '6.4.0-nightly.2016.10.13.4759c467',
27 silly addNameRange     '6.4.0-nightly.2016.10.14.9c306a44',
27 silly addNameRange     '6.4.0-nightly.2016.10.15.576c8426',
27 silly addNameRange     '6.4.0-nightly.2016.10.16.576c8426',
27 silly addNameRange     '6.4.0-nightly.2016.10.17.576c8426',
27 silly addNameRange     '6.4.0-nightly.2016.10.18.576c8426',
27 silly addNameRange     '6.4.0-nightly.2016.10.19.576c8426',
27 silly addNameRange     '6.4.0-nightly.2016.10.21.576c8426',
27 silly addNameRange     '6.4.0-nightly.2016.10.22.576c8426',
27 silly addNameRange     '6.4.1-nightly.2016.10.25.c5977c97',
27 silly addNameRange     '6.4.1-nightly.2016.10.26.c5977c97',
27 silly addNameRange     '6.4.0',
27 silly addNameRange     '6.4.1-nightly.2016.10.27.c5977c97',
27 silly addNameRange     '6.4.1-nightly.2016.11.1.c5977c97',
27 silly addNameRange     '6.4.1-nightly.2016.11.2.0dad8c6d',
27 silly addNameRange     '6.4.1-nightly.2016.11.3.0dad8c6d',
27 silly addNameRange     '6.4.1-nightly.2016.11.4.0dad8c6d',
27 silly addNameRange     '6.4.1-nightly.2016.11.5.0dad8c6d',
27 silly addNameRange     '6.4.1-nightly.2016.11.6.0dad8c6d',
27 silly addNameRange     '6.4.1-nightly.2016.11.7.0dad8c6d',
27 silly addNameRange     '6.4.1-nightly.2016.11.8.0dad8c6d',
27 silly addNameRange     '6.4.1-nightly.2016.11.9.0dad8c6d',
27 silly addNameRange     '6.4.1-nightly.2016.11.10.0dad8c6d',
27 silly addNameRange     '6.4.1-nightly.2016.11.11.0dad8c6d',
27 silly addNameRange     '6.4.1-nightly.2016.11.12.0dad8c6d',
27 silly addNameRange     '6.4.1-nightly.2016.11.15.0dad8c6d',
27 silly addNameRange     '6.4.1-nightly.2016.11.16.0dad8c6d',
27 silly addNameRange     '6.4.1-nightly.2016.11.17.0dad8c6d',
27 silly addNameRange     '6.4.1-nightly.2016.11.18.0dad8c6d',
27 silly addNameRange     '6.4.1-nightly.2016.11.19.0dad8c6d',
27 silly addNameRange     '6.4.1-nightly.2016.11.20.0dad8c6d',
27 silly addNameRange     '6.4.1-nightly.2016.11.21.0dad8c6d',
27 silly addNameRange     '6.4.1-nightly.2016.11.22.0dad8c6d',
27 silly addNameRange     '6.4.1-nightly.2016.11.23.0dad8c6d',
27 silly addNameRange     '6.4.1-nightly.2016.11.24.0dad8c6d',
27 silly addNameRange     '6.4.1-nightly.2016.11.25.0dad8c6d',
27 silly addNameRange     '6.4.1-nightly.2016.11.26.0dad8c6d',
27 silly addNameRange     '6.4.1-nightly.2016.11.27.0dad8c6d',
27 silly addNameRange     '6.4.1-nightly.2016.11.28.0dad8c6d',
27 silly addNameRange     '6.4.1-nightly.2016.11.29.0dad8c6d',
27 silly addNameRange     '6.4.1-nightly.2016.11.30.0dad8c6d',
27 silly addNameRange     '6.4.1-nightly.2016.12.1.0dad8c6d',
27 silly addNameRange     '6.4.1-nightly.2016.12.2.0dad8c6d',
27 silly addNameRange     '6.4.1-nightly.2016.12.3.0dad8c6d',
27 silly addNameRange     '6.4.1-nightly.2016.12.4.0dad8c6d',
27 silly addNameRange     '6.4.1-nightly.2016.12.5.0dad8c6d',
27 silly addNameRange     '6.4.1-nightly.2016.12.6.0dad8c6d',
27 silly addNameRange     '6.4.1-nightly.2016.12.7.0dad8c6d',
27 silly addNameRange     '6.4.1-nightly.2016.12.8.0dad8c6d',
27 silly addNameRange     '6.4.1-nightly.2016.12.9.0dad8c6d',
27 silly addNameRange     '6.5.0',
27 silly addNameRange     '6.5.1-nightly.2017.2.15.abe6b8f1',
27 silly addNameRange     '6.5.1-nightly.2017.2.16.abe6b8f1',
27 silly addNameRange     '6.5.1-nightly.2017.2.17.abe6b8f1',
27 silly addNameRange     '6.5.1-nightly.2017.2.18.abe6b8f1',
27 silly addNameRange     '6.5.1-nightly.2017.2.19.abe6b8f1',
27 silly addNameRange     '6.5.1-nightly.2017.2.21.abe6b8f1',
27 silly addNameRange     '6.5.1-nightly.2017.2.22.abe6b8f1',
27 silly addNameRange     '6.5.1-nightly.2017.2.23.abe6b8f1',
27 silly addNameRange     '6.5.1-nightly.2017.2.24.abe6b8f1',
27 silly addNameRange     '6.5.1-nightly.2017.2.25.abe6b8f1',
27 silly addNameRange     '6.5.1-nightly.2017.2.27.abe6b8f1',
27 silly addNameRange     '6.5.1-nightly.2017.2.28.abe6b8f1',
27 silly addNameRange     '6.5.1-nightly.2017.3.1.abe6b8f1',
27 silly addNameRange     '6.5.1-nightly.2017.3.2.abe6b8f1',
27 silly addNameRange     '6.5.1-nightly.2017.3.4.abe6b8f1',
27 silly addNameRange     '6.5.1-nightly.2017.3.5.abe6b8f1',
27 silly addNameRange     '6.5.1-nightly.2017.3.6.abe6b8f1',
27 silly addNameRange     '6.5.1-nightly.2017.3.8.abe6b8f1',
27 silly addNameRange     '6.5.1-nightly.2017.4.20.72008357',
27 silly addNameRange     '6.5.1-nightly.2017.4.21.72008357',
27 silly addNameRange     '6.5.1-nightly.2017.4.23.6f7d314c',
27 silly addNameRange     '6.5.1-nightly.2017.4.28.6f7d314c',
27 silly addNameRange     '6.5.1-nightly.2017.4.30.6f7d314c',
27 silly addNameRange     '6.5.1-nightly.2017.5.1.6f7d314c',
27 silly addNameRange     '7.0.1-nightly.2017.5.2.a9113bc8',
27 silly addNameRange     '7.0.1-nightly.2017.5.3.a9113bc8',
27 silly addNameRange     '7.0.0',
27 silly addNameRange     '7.0.1-nightly.2017.5.5.6985d927',
27 silly addNameRange     '7.0.1-nightly.2017.5.6.6985d927',
27 silly addNameRange     '7.0.1-nightly.2017.5.7.6985d927',
27 silly addNameRange     '7.0.1-nightly.2017.5.8.6985d927',
27 silly addNameRange     '7.0.2-nightly.2017.5.9.a3d0db1f',
27 silly addNameRange     '7.0.2-nightly.2017.5.10.a3d0db1f',
27 silly addNameRange     '7.0.2-nightly.2017.5.11.a3d0db1f',
27 silly addNameRange     '7.0.1',
27 silly addNameRange     '7.0.2-nightly.2017.5.13.30456143',
27 silly addNameRange     '7.0.2-nightly.2017.5.14.30456143',
27 silly addNameRange     '7.0.2-nightly.2017.5.15.30456143' ] ]
28 silly addNamed cordova@7.0.1
29 verbose addNamed "7.0.1" is a plain semver version for cordova
30 silly mapToRegistry name cordova
31 silly mapToRegistry using default registry
32 silly mapToRegistry registry https://registry.npmjs.org/
33 silly mapToRegistry uri https://registry.npmjs.org/cordova
34 verbose addRemoteTarball https://registry.npmjs.org/cordova/-/cordova-7.0.1.tgz not in flight; adding
35 verbose addRemoteTarball [ 'https://registry.npmjs.org/cordova/-/cordova-7.0.1.tgz',
35 verbose addRemoteTarball   '69fd054300ce5105b092f67a1b286e80c4e88b9d' ]
36 info retry fetch attempt 1 at 9:22:30 AM
37 info attempt registry request try #1 at 9:22:30 AM
38 http fetch GET https://registry.npmjs.org/cordova/-/cordova-7.0.1.tgz
39 http fetch 200 https://registry.npmjs.org/cordova/-/cordova-7.0.1.tgz
40 silly fetchAndShaCheck shasum 69fd054300ce5105b092f67a1b286e80c4e88b9d
41 verbose addTmpTarball /var/folders/4b/f7msm9_90kd5f0pjkwztjb0r0000gn/T/npm-1794-d02968a1/registry.npmjs.org/cordova/-/cordova-7.0.1.tgz not in flight; adding
42 verbose addTmpTarball already have metadata; skipping unpack for cordova@7.0.1
43 silly cache afterAdd cordova@7.0.1
44 verbose afterAdd /Users/ralphbraspenning/.npm/cordova/7.0.1/package/package.json not in flight; writing
45 verbose afterAdd /Users/ralphbraspenning/.npm/cordova/7.0.1/package/package.json written
46 silly install resolved [ { name: 'cordova',
46 silly install resolved     version: '7.0.1',
46 silly install resolved     preferGlobal: true,
46 silly install resolved     description: 'Cordova command line interface tool',
46 silly install resolved     main: 'cordova',
46 silly install resolved     engines: { node: '>=4.0.0' },
46 silly install resolved     bin: { cordova: './bin/cordova' },
46 silly install resolved     scripts:
46 silly install resolved      { test: 'npm run jshint && npm run jasmine',
46 silly install resolved        jshint: 'jshint spec && jshint src',
46 silly install resolved        cover: 'istanbul cover --root src --print detail jasmine',
46 silly install resolved        jasmine: 'jasmine' },
46 silly install resolved     repository:
46 silly install resolved      { type: 'git',
46 silly install resolved        url: 'https://git-wip-us.apache.org/repos/asf/cordova-cli.git' },
46 silly install resolved     bugs:
46 silly install resolved      { url: 'https://issues.apache.org/jira/browse/CB',
46 silly install resolved        email: 'dev@cordova.apache.org' },
46 silly install resolved     keywords: [ 'cordova', 'client', 'cli' ],
46 silly install resolved     dependencies:
46 silly install resolved      { configstore: '2.1.0',
46 silly install resolved        'cordova-common': '2.0.3',
46 silly install resolved        'cordova-lib': '7.0.1',
46 silly install resolved        editor: '1.0.0',
46 silly install resolved        insight: '0.8.2',
46 silly install resolved        nopt: '3.0.1',
46 silly install resolved        q: '1.0.1',
46 silly install resolved        'update-notifier': '0.5.0' },
46 silly install resolved     devDependencies:
46 silly install resolved      { istanbul: '^0.4.5',
46 silly install resolved        jasmine: '^2.5.2',
46 silly install resolved        jshint: '^2.9.4',
46 silly install resolved        rewire: '^2.5.2' },
46 silly install resolved     author: { name: 'Anis Kadri' },
46 silly install resolved     contributors:
46 silly install resolved      [ [Object],
46 silly install resolved        [Object],
46 silly install resolved        [Object],
46 silly install resolved        [Object],
46 silly install resolved        [Object],
46 silly install resolved        [Object],
46 silly install resolved        [Object],
46 silly install resolved        [Object],
46 silly install resolved        [Object],
46 silly install resolved        [Object],
46 silly install resolved        [Object],
46 silly install resolved        [Object],
46 silly install resolved        [Object],
46 silly install resolved        [Object],
46 silly install resolved        [Object],
46 silly install resolved        [Object],
46 silly install resolved        [Object],
46 silly install resolved        [Object],
46 silly install resolved        [Object],
46 silly install resolved        [Object],
46 silly install resolved        [Object],
46 silly install resolved        [Object],
46 silly install resolved        [Object],
46 silly install resolved        [Object] ],
46 silly install resolved     license: 'Apache-2.0',
46 silly install resolved     _id: 'cordova@7.0.1',
46 silly install resolved     _shasum: '69fd054300ce5105b092f67a1b286e80c4e88b9d',
46 silly install resolved     _resolved: 'https://registry.npmjs.org/cordova/-/cordova-7.0.1.tgz',
46 silly install resolved     _from: 'cordova@*',
46 silly install resolved     _npmVersion: '4.1.1',
46 silly install resolved     _nodeVersion: '6.6.0',
46 silly install resolved     _npmUser: { name: 'stevegill', email: 'stevengill97@gmail.com' },
46 silly install resolved     dist:
46 silly install resolved      { shasum: '69fd054300ce5105b092f67a1b286e80c4e88b9d',
46 silly install resolved        tarball: 'https://registry.npmjs.org/cordova/-/cordova-7.0.1.tgz' },
46 silly install resolved     maintainers:
46 silly install resolved      [ [Object],
46 silly install resolved        [Object],
46 silly install resolved        [Object],
46 silly install resolved        [Object],
46 silly install resolved        [Object],
46 silly install resolved        [Object],
46 silly install resolved        [Object],
46 silly install resolved        [Object],
46 silly install resolved        [Object],
46 silly install resolved        [Object],
46 silly install resolved        [Object],
46 silly install resolved        [Object],
46 silly install resolved        [Object],
46 silly install resolved        [Object],
46 silly install resolved        [Object],
46 silly install resolved        [Object],
46 silly install resolved        [Object],
46 silly install resolved        [Object],
46 silly install resolved        [Object] ],
46 silly install resolved     _npmOperationalInternal:
46 silly install resolved      { host: 'packages-18-east.internal.npmjs.com',
46 silly install resolved        tmp: 'tmp/cordova-7.0.1.tgz_1494582791806_0.3752459897659719' },
46 silly install resolved     directories: {} } ]
47 info install cordova@7.0.1 into /usr/local/lib
48 info installOne cordova@7.0.1
49 verbose installOne of cordova to /usr/local/lib not in flight; installing
50 warn locking Error: EACCES, open '/Users/ralphbraspenning/.npm/_locks/cordova-fa12e2e096426a32.lock'
50 warn locking     at Error (native)
50 warn locking  /Users/ralphbraspenning/.npm/_locks/cordova-fa12e2e096426a32.lock failed { [Error: EACCES, open '/Users/ralphbraspenning/.npm/_locks/cordova-fa12e2e096426a32.lock']
50 warn locking   errno: -13,
50 warn locking   code: 'EACCES',
50 warn locking   path: '/Users/ralphbraspenning/.npm/_locks/cordova-fa12e2e096426a32.lock' }
51 verbose stack Error: Attempt to unlock /usr/local/lib/node_modules/cordova, which hasn't been locked
51 verbose stack     at unlock (/usr/local/lib/node_modules/npm/lib/utils/locker.js:66:11)
51 verbose stack     at cb (/usr/local/lib/node_modules/npm/lib/install.js:1017:5)
51 verbose stack     at /usr/local/lib/node_modules/npm/lib/install.js:1021:20
51 verbose stack     at /usr/local/lib/node_modules/npm/lib/utils/locker.js:40:9
51 verbose stack     at cb (/usr/local/lib/node_modules/npm/node_modules/lockfile/lockfile.js:149:38)
51 verbose stack     at /usr/local/lib/node_modules/npm/node_modules/lockfile/lockfile.js:177:38
51 verbose stack     at FSReqWrap.oncomplete (fs.js:95:15)
52 verbose cwd /Users/ralphbraspenning/Sites/Website Corso/App/CorsoZundert
53 error Darwin 16.5.0
54 error argv "node" "/usr/local/bin/npm" "install" "-g" "cordova"
55 error node v0.12.4
56 error npm  v2.10.1
57 error Attempt to unlock /usr/local/lib/node_modules/cordova, which hasn't been locked
58 error If you need help, you may report this error at:
58 error     <https://github.com/npm/npm/issues>
59 verbose exit [ 1, true ]
